<?xml version="1.0" encoding="UTF-8"?>
<!-- Generated by org.testng.reporters.JUnitXMLReporter -->
<testsuite hostname="LAPTOP-N1OP881H" name="Default test" tests="2" failures="0" timestamp="10 May 2020 14:08:25 GMT" time="0.043" errors="0">
  <testcase name="f" time="0.0" classname="Practice.TestngPractice">
    <skipped/>
  </testcase> <!-- f -->
  <testcase name="twoparam" time="0.0" classname="Practice.TestngPractice">
    <skipped/>
  </testcase> <!-- twoparam -->
</testsuite> <!-- Default test -->
